<!DOCTYPE html><html><head><meta charset="utf-8"><meta name="viewport" content="width=device-width, initial-scale=1"><title>CT Scoreboard for aivanis</title><link rel="stylesheet" href="https://maxcdn.bootstrapcdn.com/bootstrap/3.3.5/css/bootstrap.min.css"><style type="text/css">body { margin: 0 auto; width: 50%; padding-bottom: 30px; } td.hd { font-weight: bold; text-align: center; } td { padding: 5px; }</style></head><body><div class="container"><h2>Information</h2>
<div class="container" style="width: 100%;"><table border="1" cellspacing="1" cellpadding="5"><tr><td>Alias</td><td>aivanis</td></tr><tr><td>Start</td><td>2015-10-27 16:08:46</td></tr><tr><td>End</td><td>2015-10-27 16:08:51</td></tr><tr><td>Comment ID</td><td>431b9fa94571cf41d29bbe447f9769bcdb70105d</td></tr><tr><td>Scores</td><td><table border="1" cellspacing="1" cellpadding="5"><tr><td><b>Part</b></td><td><b>Passed / Total</b></td></tr><tr><td>Part 1</td><td>0 / 0</td></tr><tr><td>Part 2</td><td>0 / 0</td></tr><tr><td>Part 3</td><td>0 / 0</td></tr><tr><td>Part 4</td><td>0 / 0</td></tr></table></td></tr><tr><td>Exit codes</td><td><table border="1" cellspacing="1" cellpadding="5"><tr><td><b>Code</b></td><td><b>Explanation</b></td></tr><tr><td>250</td><td>One or more lexer error(s).</td></tr><tr><td>245</td><td>One or more parse error(s).</td></tr><tr><td>224</td><td>AST construction is wrong.</td></tr><tr><td>124</td><td>Your compiler might have an infinite loop.</td></tr><tr><td>1</td><td>JVM exited prematurely. It occurs when your compiler has infinite recursion, requires a Java version different from 1.7, etc.</td></tr></table></td></tr></table><div class="container" style="width: 45%;margin-top:30px;"><div class="alert alert-danger" role="alert"><b>Test suite failure!</b> Could not build your compiler.</div></div><h3>Error log</h3><pre>Buildfile: /tmp/tmps6aky9td/aivanis/build.xml

build-subprojects:

init:
    [mkdir] Created dir: /tmp/tmps6aky9td/aivanis/bin

build-project:
     [echo] CT-15-16: /tmp/tmps6aky9td/aivanis/build.xml
    [javac] Compiling 17 source files to /tmp/tmps6aky9td/aivanis/bin
    [javac] /tmp/tmps6aky9td/aivanis/src/ast/ASTPrinter.java:66: error: cannot find symbol
    [javac]     public Void visitIntLiteral(IntLiteral v) {
    [javac]                                 ^
    [javac]   symbol:   class IntLiteral
    [javac]   location: class ASTPrinter
    [javac] /tmp/tmps6aky9td/aivanis/src/ast/ASTPrinter.java:73: error: cannot find symbol
    [javac]     public Void visitStrLiteral(StrLiteral v) {
    [javac]                                 ^
    [javac]   symbol:   class StrLiteral
    [javac]   location: class ASTPrinter
    [javac] /tmp/tmps6aky9td/aivanis/src/ast/ASTPrinter.java:81: error: cannot find symbol
    [javac]     public Void visitChrLiteral(ChrLiteral v) {
    [javac]                                 ^
    [javac]   symbol:   class ChrLiteral
    [javac]   location: class ASTPrinter
    [javac] /tmp/tmps6aky9td/aivanis/src/ast/ASTPrinter.java:88: error: cannot find symbol
    [javac]     public Void visitFunCallExpr(FunCallExpr v) {
    [javac]                                  ^
    [javac]   symbol:   class FunCallExpr
    [javac]   location: class ASTPrinter
    [javac] /tmp/tmps6aky9td/aivanis/src/ast/ASTPrinter.java:99: error: cannot find symbol
    [javac]     public Void visitBinOp(BinOp v) {
    [javac]                            ^
    [javac]   symbol:   class BinOp
    [javac]   location: class ASTPrinter
    [javac] /tmp/tmps6aky9td/aivanis/src/ast/ASTPrinter.java:109: error: cannot find symbol
    [javac]     public Void visitFunCallStmt(FunCallStmt v) {
    [javac]                                  ^
    [javac]   symbol:   class FunCallStmt
    [javac]   location: class ASTPrinter
    [javac] /tmp/tmps6aky9td/aivanis/src/ast/ASTPrinter.java:120: error: cannot find symbol
    [javac]     public Void visitWhile(While v) {
    [javac]                            ^
    [javac]   symbol:   class While
    [javac]   location: class ASTPrinter
    [javac] /tmp/tmps6aky9td/aivanis/src/ast/ASTPrinter.java:128: error: cannot find symbol
    [javac]     public Void visitIf(If v) {
    [javac]                         ^
    [javac]   symbol:   class If
    [javac]   location: class ASTPrinter
    [javac] /tmp/tmps6aky9td/aivanis/src/ast/ASTPrinter.java:141: error: cannot find symbol
    [javac]     public Void visitAssign(Assign v) {
    [javac]                             ^
    [javac]   symbol:   class Assign
    [javac]   location: class ASTPrinter
    [javac] /tmp/tmps6aky9td/aivanis/src/ast/ASTPrinter.java:150: error: cannot find symbol
    [javac]     public Void visitReturn(Return v) {
    [javac]                             ^
    [javac]   symbol:   class Return
    [javac]   location: class ASTPrinter
    [javac] /tmp/tmps6aky9td/aivanis/src/ast/ASTVisitor.java:11: error: cannot find symbol
    [javac]     public T visitIntLiteral(IntLiteral v);
    [javac]                              ^
    [javac]   symbol:   class IntLiteral
    [javac]   location: interface ASTVisitor<T>
    [javac]   where T is a type-variable:
    [javac]     T extends Object declared in interface ASTVisitor
    [javac] /tmp/tmps6aky9td/aivanis/src/ast/ASTVisitor.java:12: error: cannot find symbol
    [javac]     public T visitStrLiteral(StrLiteral v);
    [javac]                              ^
    [javac]   symbol:   class StrLiteral
    [javac]   location: interface ASTVisitor<T>
    [javac]   where T is a type-variable:
    [javac]     T extends Object declared in interface ASTVisitor
    [javac] /tmp/tmps6aky9td/aivanis/src/ast/ASTVisitor.java:13: error: cannot find symbol
    [javac]     public T visitChrLiteral(ChrLiteral v);
    [javac]                              ^
    [javac]   symbol:   class ChrLiteral
    [javac]   location: interface ASTVisitor<T>
    [javac]   where T is a type-variable:
    [javac]     T extends Object declared in interface ASTVisitor
    [javac] /tmp/tmps6aky9td/aivanis/src/ast/ASTVisitor.java:14: error: cannot find symbol
    [javac]     public T visitFunCallExpr(FunCallExpr v);
    [javac]                               ^
    [javac]   symbol:   class FunCallExpr
    [javac]   location: interface ASTVisitor<T>
    [javac]   where T is a type-variable:
    [javac]     T extends Object declared in interface ASTVisitor
    [javac] /tmp/tmps6aky9td/aivanis/src/ast/ASTVisitor.java:15: error: cannot find symbol
    [javac]     public T visitBinOp(BinOp v);
    [javac]                         ^
    [javac]   symbol:   class BinOp
    [javac]   location: interface ASTVisitor<T>
    [javac]   where T is a type-variable:
    [javac]     T extends Object declared in interface ASTVisitor
    [javac] /tmp/tmps6aky9td/aivanis/src/ast/ASTVisitor.java:17: error: cannot find symbol
    [javac]     public T visitFunCallStmt(FunCallStmt v);
    [javac]                               ^
    [javac]   symbol:   class FunCallStmt
    [javac]   location: interface ASTVisitor<T>
    [javac]   where T is a type-variable:
    [javac]     T extends Object declared in interface ASTVisitor
    [javac] /tmp/tmps6aky9td/aivanis/src/ast/ASTVisitor.java:18: error: cannot find symbol
    [javac]     public T visitWhile(While v);
    [javac]                         ^
    [javac]   symbol:   class While
    [javac]   location: interface ASTVisitor<T>
    [javac]   where T is a type-variable:
    [javac]     T extends Object declared in interface ASTVisitor
    [javac] /tmp/tmps6aky9td/aivanis/src/ast/ASTVisitor.java:19: error: cannot find symbol
    [javac]     public T visitIf(If v);
    [javac]                      ^
    [javac]   symbol:   class If
    [javac]   location: interface ASTVisitor<T>
    [javac]   where T is a type-variable:
    [javac]     T extends Object declared in interface ASTVisitor
    [javac] /tmp/tmps6aky9td/aivanis/src/ast/ASTVisitor.java:20: error: cannot find symbol
    [javac]     public T visitAssign(Assign v);
    [javac]                          ^
    [javac]   symbol:   class Assign
    [javac]   location: interface ASTVisitor<T>
    [javac]   where T is a type-variable:
    [javac]     T extends Object declared in interface ASTVisitor
    [javac] /tmp/tmps6aky9td/aivanis/src/ast/ASTVisitor.java:21: error: cannot find symbol
    [javac]     public T visitReturn(Return v);
    [javac]                          ^
    [javac]   symbol:   class Return
    [javac]   location: interface ASTVisitor<T>
    [javac]   where T is a type-variable:
    [javac]     T extends Object declared in interface ASTVisitor
    [javac] 20 errors

BUILD FAILED
/tmp/tmps6aky9td/aivanis/build.xml:48: Compile failed; see the compiler error output for details.

Total time: 0 seconds
</pre></fieldset></div><hr /><div class="container" style="width:75%;"><a href="scoreboard.html"><button type="button" class="btn btn-default">Go back</button></a></div></div></body></html>