<!DOCTYPE html><html><head><meta charset="utf-8"><meta name="viewport" content="width=device-width, initial-scale=1"><title>CT Scoreboard for annieychen1993</title><link rel="stylesheet" href="https://maxcdn.bootstrapcdn.com/bootstrap/3.3.5/css/bootstrap.min.css"><style type="text/css">body { margin: 0 auto; width: 50%; padding-bottom: 30px; } td.hd { font-weight: bold; text-align: center; } td { padding: 5px; }</style></head><body><div class="container"><h2>Information</h2>
<div class="container" style="width: 100%;"><table border="1" cellspacing="1" cellpadding="5"><tr><td>Alias</td><td>annieychen1993</td></tr><tr><td>Start</td><td>2015-11-07 04:11:55</td></tr><tr><td>End</td><td>2015-11-07 04:12:01</td></tr><tr><td>Comment ID</td><td>2c0a5e16fb557071ce53573ad5aa1b4a5790ac28</td></tr><tr><td>Scores</td><td><table border="1" cellspacing="1" cellpadding="5"><tr><td><b>Part</b></td><td><b>Passed / Total</b></td></tr><tr><td>Part 1</td><td>0 / 0</td></tr><tr><td>Part 2</td><td>0 / 0</td></tr><tr><td>Part 3</td><td>0 / 0</td></tr><tr><td>Part 4</td><td>0 / 0</td></tr></table></td></tr><tr><td>Exit codes</td><td><table border="1" cellspacing="1" cellpadding="5"><tr><td><b>Code</b></td><td><b>Explanation</b></td></tr><tr><td>250</td><td>One or more lexer error(s).</td></tr><tr><td>245</td><td>One or more parse error(s).</td></tr><tr><td>240</td><td>One or more semantic error(s).</td></tr><tr><td>224</td><td>AST construction is wrong.</td></tr><tr><td>124</td><td>Your compiler might have an infinite loop.</td></tr><tr><td>1</td><td>JVM exited prematurely. It occurs when your compiler has infinite recursion, requires a Java version different from 1.7, etc.</td></tr></table></td></tr></table><div class="container" style="width: 45%;margin-top:30px;"><div class="alert alert-danger" role="alert"><b>Test suite failure!</b> Could not build your compiler.</div></div><h3>Error log</h3><pre>Buildfile: /tmp/tmpdsxr16ha/annieychen1993/build.xml

build-subprojects:

init:
    [mkdir] Created dir: /tmp/tmpdsxr16ha/annieychen1993/bin

build-project:
     [echo] CT-15-16: /tmp/tmpdsxr16ha/annieychen1993/build.xml
    [javac] Compiling 38 source files to /tmp/tmpdsxr16ha/annieychen1993/bin
    [javac] /tmp/tmpdsxr16ha/annieychen1993/src/sem/NameAnalysisVisitor.java:90: error: cannot find symbol
    [javac]             v.vd = ((VarSymbol) vs).vd;
    [javac]              ^
    [javac]   symbol:   variable vd
    [javac]   location: variable v of type Var
    [javac] /tmp/tmpdsxr16ha/annieychen1993/src/sem/NameAnalysisVisitor.java:177: error: cannot find symbol
    [javac]             fce.proc = ((ProcSymbol) s).p;
    [javac]                ^
    [javac]   symbol:   variable proc
    [javac]   location: variable fce of type FunCallExpr
    [javac] /tmp/tmpdsxr16ha/annieychen1993/src/sem/ProcSymbol.java:8: error: constructor Symbol in class Symbol cannot be applied to given types;
    [javac]     public ProcSymbol(Procedure p) {
    [javac]                                    ^
    [javac]   required: String
    [javac]   found: no arguments
    [javac]   reason: actual and formal argument lists differ in length
    [javac] /tmp/tmpdsxr16ha/annieychen1993/src/sem/TypeCheckVisitor.java:37: error: cannot find symbol
    [javac]         v.type = v.vd.type;
    [javac]                   ^
    [javac]   symbol:   variable vd
    [javac]   location: variable v of type Var
    [javac] /tmp/tmpdsxr16ha/annieychen1993/src/sem/TypeCheckVisitor.java:38: error: cannot find symbol
    [javac]         return v.vd.type;
    [javac]                 ^
    [javac]   symbol:   variable vd
    [javac]   location: variable v of type Var
    [javac] /tmp/tmpdsxr16ha/annieychen1993/src/sem/TypeCheckVisitor.java:76: error: cannot find symbol
    [javac]         if(sl.type != Type.String) {
    [javac]                           ^
    [javac]   symbol:   variable String
    [javac]   location: class Type
    [javac] /tmp/tmpdsxr16ha/annieychen1993/src/sem/TypeCheckVisitor.java:171: error: cannot find symbol
    [javac]         Procedure decl = fce.proc;
    [javac]                             ^
    [javac]   symbol:   variable proc
    [javac]   location: variable fce of type FunCallExpr
    [javac] /tmp/tmpdsxr16ha/annieychen1993/src/sem/VarSymbol.java:8: error: constructor Symbol in class Symbol cannot be applied to given types;
    [javac]     public VarSymbol(VarDecl vd) {
    [javac]                                  ^
    [javac]   required: String
    [javac]   found: no arguments
    [javac]   reason: actual and formal argument lists differ in length
    [javac] Note: /tmp/tmpdsxr16ha/annieychen1993/src/sem/SemanticAnalyzer.java uses unchecked or unsafe operations.
    [javac] Note: Recompile with -Xlint:unchecked for details.
    [javac] 8 errors

BUILD FAILED
/tmp/tmpdsxr16ha/annieychen1993/build.xml:49: Compile failed; see the compiler error output for details.

Total time: 1 second
</pre></fieldset></div><hr /><div class="container" style="width:75%;"><a href="scoreboard.html"><button type="button" class="btn btn-default">Go back</button></a></div></div></body></html>