<!DOCTYPE html><html><head><meta charset="utf-8"><meta name="viewport" content="width=device-width, initial-scale=1"><title>CT Scoreboard for arranrashid</title><link rel="stylesheet" href="https://maxcdn.bootstrapcdn.com/bootstrap/3.3.5/css/bootstrap.min.css"><style type="text/css">body { margin: 0 auto; width: 50%; padding-bottom: 30px; } td.hd { font-weight: bold; text-align: center; } td { padding: 5px; }</style></head><body><div class="container"><h2>Information</h2>
<div class="container" style="width: 100%;"><table border="1" cellspacing="1" cellpadding="5"><tr><td>Alias</td><td>arranrashid</td></tr><tr><td>Start</td><td>2015-11-05 22:20:09</td></tr><tr><td>End</td><td>2015-11-05 22:20:22</td></tr><tr><td>Comment ID</td><td>99ab57d5631849c1b1d5e8c3d0b5c2f65e9a9387</td></tr><tr><td>Scores</td><td><table border="1" cellspacing="1" cellpadding="5"><tr><td><b>Part</b></td><td><b>Passed / Total</b></td></tr><tr><td>Part 1</td><td>0 / 0</td></tr><tr><td>Part 2</td><td>0 / 0</td></tr><tr><td>Part 3</td><td>0 / 0</td></tr><tr><td>Part 4</td><td>0 / 0</td></tr></table></td></tr><tr><td>Exit codes</td><td><table border="1" cellspacing="1" cellpadding="5"><tr><td><b>Code</b></td><td><b>Explanation</b></td></tr><tr><td>250</td><td>One or more lexer error(s).</td></tr><tr><td>245</td><td>One or more parse error(s).</td></tr><tr><td>240</td><td>One or more semantic error(s).</td></tr><tr><td>224</td><td>AST construction is wrong.</td></tr><tr><td>124</td><td>Your compiler might have an infinite loop.</td></tr><tr><td>1</td><td>JVM exited prematurely. It occurs when your compiler has infinite recursion, requires a Java version different from 1.7, etc.</td></tr></table></td></tr></table><div class="container" style="width: 45%;margin-top:30px;"><div class="alert alert-danger" role="alert"><b>Test suite failure!</b> Could not build your compiler.</div></div><h3>Error log</h3><pre>Buildfile: /tmp/tmpa5i_ebw7/arranrashid/build.xml

build-subprojects:

init:
    [mkdir] Created dir: /tmp/tmpa5i_ebw7/arranrashid/bin

build-project:
     [echo] CT-15-16: /tmp/tmpa5i_ebw7/arranrashid/build.xml
    [javac] Compiling 35 source files to /tmp/tmpa5i_ebw7/arranrashid/bin
    [javac] /tmp/tmpa5i_ebw7/arranrashid/src/sem/NameAnalysisVisitor.java:27: error: cannot find symbol
    [javac] 			scope.put(new ProcSymbol(p));
    [javac] 			              ^
    [javac]   symbol:   class ProcSymbol
    [javac]   location: class NameAnalysisVisitor
    [javac] /tmp/tmpa5i_ebw7/arranrashid/src/sem/NameAnalysisVisitor.java:50: error: cannot find symbol
    [javac] 			scope.put(new VarSymbol(vd));
    [javac] 			              ^
    [javac]   symbol:   class VarSymbol
    [javac]   location: class NameAnalysisVisitor
    [javac] /tmp/tmpa5i_ebw7/arranrashid/src/sem/NameAnalysisVisitor.java:62: error: cannot find symbol
    [javac] 			v.type = ((VarSymbol) var).vd.type;
    [javac] 			           ^
    [javac]   symbol:   class VarSymbol
    [javac]   location: class NameAnalysisVisitor
    [javac] /tmp/tmpa5i_ebw7/arranrashid/src/sem/NameAnalysisVisitor.java:74: error: cannot find symbol
    [javac] 			f.type = ((ProcSymbol) func).p.type;
    [javac] 			           ^
    [javac]   symbol:   class ProcSymbol
    [javac]   location: class NameAnalysisVisitor
    [javac] Note: /tmp/tmpa5i_ebw7/arranrashid/src/sem/SemanticAnalyzer.java uses unchecked or unsafe operations.
    [javac] Note: Recompile with -Xlint:unchecked for details.
    [javac] 4 errors

BUILD FAILED
/tmp/tmpa5i_ebw7/arranrashid/build.xml:49: Compile failed; see the compiler error output for details.

Total time: 1 second
</pre></fieldset></div><hr /><div class="container" style="width:75%;"><a href="scoreboard.html"><button type="button" class="btn btn-default">Go back</button></a></div></div></body></html>