<!DOCTYPE html><html><head><meta charset="utf-8"><meta name="viewport" content="width=device-width, initial-scale=1"><title>CT Scoreboard for aws2411</title><link rel="stylesheet" href="https://maxcdn.bootstrapcdn.com/bootstrap/3.3.5/css/bootstrap.min.css"><style type="text/css">body { margin: 0 auto; width: 50%; padding-bottom: 30px; } td.hd { font-weight: bold; text-align: center; } td { padding: 5px; }</style></head><body><div class="container"><h2>Information</h2>
<div class="container" style="width: 100%;"><table border="1" cellspacing="1" cellpadding="5"><tr><td>Alias</td><td>aws2411</td></tr><tr><td>Start</td><td>2015-10-25 04:09:04</td></tr><tr><td>End</td><td>2015-10-25 04:09:04</td></tr><tr><td>Comment ID</td><td>e5d867988d4d2a0a4f71c7a0eb1b8c70be53a9c6</td></tr><tr><td>Scores</td><td><table border="1" cellspacing="1" cellpadding="5"><tr><td><b>Part</b></td><td><b>Passed / Total</b></td></tr><tr><td>Part 1</td><td>0 / 0</td></tr><tr><td>Part 2</td><td>0 / 0</td></tr><tr><td>Part 3</td><td>0 / 0</td></tr><tr><td>Part 4</td><td>0 / 0</td></tr></table></td></tr><tr><td>Exit codes</td><td><table border="1" cellspacing="1" cellpadding="5"><tr><td><b>Code</b></td><td><b>Explanation</b></td></tr><tr><td>250</td><td>One or more lexer error(s).</td></tr><tr><td>245</td><td>One or more parse error(s).</td></tr><tr><td>224</td><td>AST construction is wrong.</td></tr><tr><td>124</td><td>Your compiler might have an infinite loop.</td></tr><tr><td>1</td><td>JVM exited prematurely. It occurs when your compiler has infinite recursion, requires a Java version different from 1.7, etc.</td></tr></table></td></tr></table><div class="container" style="width: 45%;margin-top:30px;"><div class="alert alert-danger" role="alert"><b>Test suite failure!</b> Could not build your compiler.</div></div><h3>Error log</h3><pre>Buildfile: /tmp/tmpsjbcdq9o/aws2411/build.xml

build-subprojects:

init:
    [mkdir] Created dir: /tmp/tmpsjbcdq9o/aws2411/bin

build-project:
     [echo] CT-15-16: /tmp/tmpsjbcdq9o/aws2411/build.xml
    [javac] Compiling 28 source files to /tmp/tmpsjbcdq9o/aws2411/bin
    [javac] /tmp/tmpsjbcdq9o/aws2411/src/parser/Parser.java:148: error: constructor Program in class Program cannot be applied to given types;
    [javac]         return new Program(varDecls, procs, main);
    [javac]                ^
    [javac]   required: List<VarDecl>,List<Procedure>,Procedure
    [javac]   found: List<VarDecl>,Procedure,Procedure
    [javac]   reason: actual argument Procedure cannot be converted to List<Procedure> by method invocation conversion
    [javac] 1 error

BUILD FAILED
/tmp/tmpsjbcdq9o/aws2411/build.xml:48: Compile failed; see the compiler error output for details.

Total time: 1 second
</pre></fieldset></div><hr /><div class="container" style="width:75%;"><a href="scoreboard.html"><button type="button" class="btn btn-default">Go back</button></a></div></div></body></html>