<!DOCTYPE html><html><head><meta charset="utf-8"><meta name="viewport" content="width=device-width, initial-scale=1"><title>CT Scoreboard for diasiare</title><link rel="stylesheet" href="https://maxcdn.bootstrapcdn.com/bootstrap/3.3.5/css/bootstrap.min.css"><style type="text/css">body { margin: 0 auto; width: 50%; padding-bottom: 30px; } td.hd { font-weight: bold; text-align: center; } td { padding: 5px; }</style></head><body><div class="container"><h2>Information</h2>
<div class="container" style="width: 100%;"><table border="1" cellspacing="1" cellpadding="5"><tr><td>Alias</td><td>diasiare</td></tr><tr><td>Start</td><td>2015-11-13 16:13:33</td></tr><tr><td>End</td><td>2015-11-13 16:13:38</td></tr><tr><td>Comment ID</td><td>209cdc8e3c86e8ba2134e1f62b39ad10bc4f8791</td></tr><tr><td>Scores</td><td><table border="1" cellspacing="1" cellpadding="5"><tr><td><b>Part</b></td><td><b>Passed / Total</b></td></tr><tr><td>Part 1</td><td>0 / 0</td></tr><tr><td>Part 2</td><td>0 / 0</td></tr><tr><td>Part 3</td><td>0 / 0</td></tr><tr><td>Part 4</td><td>0 / 0</td></tr></table></td></tr><tr><td>Exit codes</td><td><table border="1" cellspacing="1" cellpadding="5"><tr><td><b>Code</b></td><td><b>Explanation</b></td></tr><tr><td>250</td><td>One or more lexer error(s).</td></tr><tr><td>245</td><td>One or more parse error(s).</td></tr><tr><td>240</td><td>One or more semantic error(s).</td></tr><tr><td>224</td><td>AST construction is wrong.</td></tr><tr><td>124</td><td>Your compiler might have an infinite loop.</td></tr><tr><td>1</td><td>JVM exited prematurely. It occurs when your compiler has infinite recursion, requires a Java version different from 1.7, etc.</td></tr></table></td></tr></table><div class="container" style="width: 45%;margin-top:30px;"><div class="alert alert-danger" role="alert"><b>Test suite failure!</b> Could not build your compiler.</div></div><h3>Error log</h3><pre>Buildfile: /tmp/tmpqeqqx6t_/diasiare/build.xml

build-subprojects:

init:
    [mkdir] Created dir: /tmp/tmpqeqqx6t_/diasiare/bin
     [copy] Copying 1 file to /tmp/tmpqeqqx6t_/diasiare/bin

build-project:
     [echo] CT-15-16: /tmp/tmpqeqqx6t_/diasiare/build.xml
    [javac] Compiling 37 source files to /tmp/tmpqeqqx6t_/diasiare/bin
    [javac] /tmp/tmpqeqqx6t_/diasiare/src/gen/HelloDump.java:1: error: package org.objectweb.asm does not exist
    [javac] import org.objectweb.asm.*;
    [javac] ^
    [javac] /tmp/tmpqeqqx6t_/diasiare/src/gen/HelloDump.java:3: error: cannot find symbol
    [javac] public class HelloDump implements Opcodes {
    [javac]                                   ^
    [javac]   symbol: class Opcodes
    [javac] /tmp/tmpqeqqx6t_/diasiare/src/gen/HelloDump.java:7: error: cannot find symbol
    [javac]      ClassWriter cw = new ClassWriter(0);
    [javac]      ^
    [javac]   symbol:   class ClassWriter
    [javac]   location: class HelloDump
    [javac] /tmp/tmpqeqqx6t_/diasiare/src/gen/HelloDump.java:7: error: cannot find symbol
    [javac]      ClassWriter cw = new ClassWriter(0);
    [javac]                           ^
    [javac]   symbol:   class ClassWriter
    [javac]   location: class HelloDump
    [javac] /tmp/tmpqeqqx6t_/diasiare/src/gen/HelloDump.java:8: error: cannot find symbol
    [javac]      FieldVisitor fv;
    [javac]      ^
    [javac]   symbol:   class FieldVisitor
    [javac]   location: class HelloDump
    [javac] /tmp/tmpqeqqx6t_/diasiare/src/gen/HelloDump.java:9: error: cannot find symbol
    [javac]      MethodVisitor mv;
    [javac]      ^
    [javac]   symbol:   class MethodVisitor
    [javac]   location: class HelloDump
    [javac] /tmp/tmpqeqqx6t_/diasiare/src/gen/HelloDump.java:10: error: cannot find symbol
    [javac]      AnnotationVisitor av0;
    [javac]      ^
    [javac]   symbol:   class AnnotationVisitor
    [javac]   location: class HelloDump
    [javac] /tmp/tmpqeqqx6t_/diasiare/src/gen/HelloDump.java:13: error: cannot find symbol
    [javac]              ACC_PUBLIC + ACC_SUPER,
    [javac]              ^
    [javac]   symbol:   variable ACC_PUBLIC
    [javac]   location: class HelloDump
    [javac] /tmp/tmpqeqqx6t_/diasiare/src/gen/HelloDump.java:13: error: cannot find symbol
    [javac]              ACC_PUBLIC + ACC_SUPER,
    [javac]                           ^
    [javac]   symbol:   variable ACC_SUPER
    [javac]   location: class HelloDump
    [javac] /tmp/tmpqeqqx6t_/diasiare/src/gen/HelloDump.java:22: error: cannot find symbol
    [javac]          mv = cw.visitMethod(ACC_PUBLIC + ACC_STATIC,
    [javac]                              ^
    [javac]   symbol:   variable ACC_PUBLIC
    [javac]   location: class HelloDump
    [javac] /tmp/tmpqeqqx6t_/diasiare/src/gen/HelloDump.java:22: error: cannot find symbol
    [javac]          mv = cw.visitMethod(ACC_PUBLIC + ACC_STATIC,
    [javac]                                           ^
    [javac]   symbol:   variable ACC_STATIC
    [javac]   location: class HelloDump
    [javac] Note: Some input files use unchecked or unsafe operations.
    [javac] Note: Recompile with -Xlint:unchecked for details.
    [javac] 11 errors

BUILD FAILED
/tmp/tmpqeqqx6t_/diasiare/build.xml:49: Compile failed; see the compiler error output for details.

Total time: 1 second
</pre></fieldset></div><hr /><div class="container" style="width:75%;"><a href="scoreboard.html"><button type="button" class="btn btn-default">Go back</button></a></div></div></body></html>