<!DOCTYPE html><html><head><meta charset="utf-8"><meta name="viewport" content="width=device-width, initial-scale=1"><title>CT Scoreboard for james_friel</title><link rel="stylesheet" href="https://maxcdn.bootstrapcdn.com/bootstrap/3.3.5/css/bootstrap.min.css"><style type="text/css">body { margin: 0 auto; width: 50%; padding-bottom: 30px; } td.hd { font-weight: bold; text-align: center; } td { padding: 5px; }</style></head><body><div class="container"><h2>Information</h2>
<div class="container" style="width: 100%;"><table border="1" cellspacing="1" cellpadding="5"><tr><td>Alias</td><td>james_friel</td></tr><tr><td>Start</td><td>2015-11-24 14:44:42</td></tr><tr><td>End</td><td>2015-11-24 14:44:51</td></tr><tr><td>Comment ID</td><td>443a3bb2004eccd4ac688b241f935a1f09450df3</td></tr><tr><td>Scores</td><td><table border="1" cellspacing="1" cellpadding="5"><tr><td><b>Part</b></td><td><b>Passed / Total</b></td></tr><tr><td>Part 1</td><td>0 / 0</td></tr><tr><td>Part 2</td><td>0 / 0</td></tr><tr><td>Part 3</td><td>0 / 0</td></tr><tr><td>Part 4</td><td>0 / 0</td></tr></table></td></tr><tr><td>Exit codes</td><td><table border="1" cellspacing="1" cellpadding="5"><tr><td><b>Code</b></td><td><b>Explanation</b></td></tr><tr><td>250</td><td>One or more lexer error(s).</td></tr><tr><td>245</td><td>One or more parse error(s).</td></tr><tr><td>240</td><td>One or more semantic error(s).</td></tr><tr><td>230</td><td>Compiled program produced wrong output.</td></tr><tr><td>224</td><td>AST construction is wrong.</td></tr><tr><td>204</td><td>Compiled program not found.</td></tr><tr><td>124</td><td>Your compiler or produced program might have an infinite loop.</td></tr><tr><td>1</td><td>JVM exited prematurely. It occurs when your compiler has infinite recursion, requires a Java version different from 1.7, etc.</td></tr></table></td></tr></table><div class="container" style="width: 45%;margin-top:30px;"><div class="alert alert-danger" role="alert"><b>Test suite failure!</b> Could not build your compiler.</div></div><h3>Error log</h3><pre>Buildfile: /tmp/tmpumc00_83/james_friel/build.xml

build-subprojects:

init:
    [mkdir] Created dir: /tmp/tmpumc00_83/james_friel/bin
     [copy] Copying 4 files to /tmp/tmpumc00_83/james_friel/bin

build-project:
     [echo] ct-15-16: /tmp/tmpumc00_83/james_friel/build.xml
    [javac] Compiling 42 source files to /tmp/tmpumc00_83/james_friel/bin
    [javac] /tmp/tmpumc00_83/james_friel/src/gen/CodeGenerator.java:24: error: array required, but List<String> found
    [javac]                 mv.visitFieldInsn(ACC_PUBLIC, gl[i+1].toString(), gl[i].toString());
    [javac]                                                 ^
    [javac] /tmp/tmpumc00_83/james_friel/src/gen/CodeGenerator.java:24: error: array required, but List<String> found
    [javac]                 mv.visitFieldInsn(ACC_PUBLIC, gl[i+1].toString(), gl[i].toString());
    [javac]                                                                     ^
    [javac] /tmp/tmpumc00_83/james_friel/src/gen/CodeGenerator.java:46: error: cannot find symbol
    [javac]         List<String> glvr = new ArrayList<String>();
    [javac]                                 ^
    [javac]   symbol:   class ArrayList
    [javac]   location: class CodeGenerator
    [javac] /tmp/tmpumc00_83/james_friel/src/gen/CodeGenerator.java:47: error: cannot find symbol
    [javac]         for(VarDecl vd: p.VarDecls){
    [javac]                          ^
    [javac]   symbol:   variable VarDecls
    [javac]   location: variable p of type Program
    [javac] /tmp/tmpumc00_83/james_friel/src/gen/CodeGenerator.java:48: error: array required, but VarDecl found
    [javac]             glvr.add(vd[0].toString());
    [javac]                        ^
    [javac] /tmp/tmpumc00_83/james_friel/src/gen/CodeGenerator.java:49: error: array required, but VarDecl found
    [javac]             glvr.add(vd[1].toString());
    [javac]                        ^
    [javac] Note: Some input files use unchecked or unsafe operations.
    [javac] Note: Recompile with -Xlint:unchecked for details.
    [javac] 6 errors

BUILD FAILED
/tmp/tmpumc00_83/james_friel/build.xml:53: Compile failed; see the compiler error output for details.

Total time: 1 second
</pre></fieldset></div><hr /><div class="container" style="width:75%;"><a href="scoreboard.html"><button type="button" class="btn btn-default">Go back</button></a></div></div></body></html>