<!DOCTYPE html><html><head><meta charset="utf-8"><meta name="viewport" content="width=device-width, initial-scale=1"><title>CT Scoreboard for JennyWilson</title><link rel="stylesheet" href="https://maxcdn.bootstrapcdn.com/bootstrap/3.3.5/css/bootstrap.min.css"><style type="text/css">body { margin: 0 auto; width: 50%; padding-bottom: 30px; } td.hd { font-weight: bold; text-align: center; } td { padding: 5px; }</style></head><body><div class="container"><h2>Information</h2>
<div class="container" style="width: 100%;"><table border="1" cellspacing="1" cellpadding="5"><tr><td>Alias</td><td>JennyWilson</td></tr><tr><td>Start</td><td>2015-11-03 21:27:20</td></tr><tr><td>End</td><td>2015-11-03 21:27:28</td></tr><tr><td>Comment ID</td><td>89a820678a075ed54595c34e9d4923d612685604</td></tr><tr><td>Scores</td><td><table border="1" cellspacing="1" cellpadding="5"><tr><td><b>Part</b></td><td><b>Passed / Total</b></td></tr><tr><td>Part 1</td><td>0 / 0</td></tr><tr><td>Part 2</td><td>0 / 0</td></tr><tr><td>Part 3</td><td>0 / 0</td></tr><tr><td>Part 4</td><td>0 / 0</td></tr></table></td></tr><tr><td>Exit codes</td><td><table border="1" cellspacing="1" cellpadding="5"><tr><td><b>Code</b></td><td><b>Explanation</b></td></tr><tr><td>250</td><td>One or more lexer error(s).</td></tr><tr><td>245</td><td>One or more parse error(s).</td></tr><tr><td>240</td><td>One or more semantic error(s).</td></tr><tr><td>224</td><td>AST construction is wrong.</td></tr><tr><td>124</td><td>Your compiler might have an infinite loop.</td></tr><tr><td>1</td><td>JVM exited prematurely. It occurs when your compiler has infinite recursion, requires a Java version different from 1.7, etc.</td></tr></table></td></tr></table><div class="container" style="width: 45%;margin-top:30px;"><div class="alert alert-danger" role="alert"><b>Test suite failure!</b> Could not build your compiler.</div></div><h3>Error log</h3><pre>Buildfile: /tmp/tmp82wl6psv/JennyWilson/build.xml

build-subprojects:

init:
    [mkdir] Created dir: /tmp/tmp82wl6psv/JennyWilson/bin
     [copy] Copying 1 file to /tmp/tmp82wl6psv/JennyWilson/bin

build-project:
     [echo] CT-15-16: /tmp/tmp82wl6psv/JennyWilson/build.xml
    [javac] Compiling 40 source files to /tmp/tmp82wl6psv/JennyWilson/bin
    [javac] /tmp/tmp82wl6psv/JennyWilson/src/sem/ProcSymbol.java:4: error: cannot find symbol
    [javac] 	public Procedure p;
    [javac] 	       ^
    [javac]   symbol:   class Procedure
    [javac]   location: class ProcSymbol
    [javac] /tmp/tmp82wl6psv/JennyWilson/src/sem/ProcSymbol.java:6: error: cannot find symbol
    [javac] 	public ProcSymbol(Procedure p) {
    [javac] 	                  ^
    [javac]   symbol:   class Procedure
    [javac]   location: class ProcSymbol
    [javac] /tmp/tmp82wl6psv/JennyWilson/src/sem/VarSymbol.java:4: error: cannot find symbol
    [javac] 	public VarDecl vd;
    [javac] 	       ^
    [javac]   symbol:   class VarDecl
    [javac]   location: class VarSymbol
    [javac] /tmp/tmp82wl6psv/JennyWilson/src/sem/VarSymbol.java:6: error: cannot find symbol
    [javac] 	public VarSymbol(VarDecl vd) {
    [javac] 	                 ^
    [javac]   symbol:   class VarDecl
    [javac]   location: class VarSymbol
    [javac] /tmp/tmp82wl6psv/JennyWilson/src/sem/NameAnalysisVisitor.java:5: error: NameAnalysisVisitor is not abstract and does not override abstract method visitOpExpr(OpExpr) in ASTVisitor
    [javac] public class NameAnalysisVisitor extends BaseSemanticVisitor<Void> {
    [javac]        ^
    [javac] /tmp/tmp82wl6psv/JennyWilson/src/sem/NameAnalysisVisitor.java:14: error: Scope is abstract; cannot be instantiated
    [javac] 		scope = new Scope(scope);
    [javac] 		        ^
    [javac] /tmp/tmp82wl6psv/JennyWilson/src/sem/NameAnalysisVisitor.java:16: error: cannot find symbol
    [javac] 		Symbol t = scope.lookupCurrent(b.vd.var.name);
    [javac] 		                                ^
    [javac]   symbol:   variable vd
    [javac]   location: variable b of type Block
    [javac] /tmp/tmp82wl6psv/JennyWilson/src/sem/NameAnalysisVisitor.java:19: error: cannot find symbol
    [javac] 		} else if (!t.isVar) {
    [javac] 		             ^
    [javac]   symbol:   variable isVar
    [javac]   location: variable t of type Symbol
    [javac] /tmp/tmp82wl6psv/JennyWilson/src/sem/NameAnalysisVisitor.java:22: error: cannot find symbol
    [javac] 			scope.put(new VarSymbol(vd));
    [javac] 			                        ^
    [javac]   symbol:   variable vd
    [javac]   location: class NameAnalysisVisitor
    [javac] /tmp/tmp82wl6psv/JennyWilson/src/sem/ProcSymbol.java:6: error: constructor Symbol in class Symbol cannot be applied to given types;
    [javac] 	public ProcSymbol(Procedure p) {
    [javac] 	                               ^
    [javac]   required: String
    [javac]   found: no arguments
    [javac]   reason: actual and formal argument lists differ in length
    [javac] /tmp/tmp82wl6psv/JennyWilson/src/sem/SemanticAnalyzer.java:10: error: constructor NameAnalysisVisitor in class NameAnalysisVisitor cannot be applied to given types;
    [javac] 			add(new NameAnalysisVisitor());
    [javac] 			    ^
    [javac]   required: Scope
    [javac]   found: no arguments
    [javac]   reason: actual and formal argument lists differ in length
    [javac] /tmp/tmp82wl6psv/JennyWilson/src/sem/TypeCheckVisitor.java:5: error: TypeCheckVisitor is not abstract and does not override abstract method visitOpExpr(OpExpr) in ASTVisitor
    [javac] public class TypeCheckVisitor extends BaseSemanticVisitor<Type> {
    [javac]        ^
    [javac] /tmp/tmp82wl6psv/JennyWilson/src/sem/VarSymbol.java:6: error: constructor Symbol in class Symbol cannot be applied to given types;
    [javac] 	public VarSymbol(VarDecl vd) {
    [javac] 	                             ^
    [javac]   required: String
    [javac]   found: no arguments
    [javac]   reason: actual and formal argument lists differ in length
    [javac] Note: Some input files use unchecked or unsafe operations.
    [javac] Note: Recompile with -Xlint:unchecked for details.
    [javac] 13 errors

BUILD FAILED
/tmp/tmp82wl6psv/JennyWilson/build.xml:49: Compile failed; see the compiler error output for details.

Total time: 1 second
</pre></fieldset></div><hr /><div class="container" style="width:75%;"><a href="scoreboard.html"><button type="button" class="btn btn-default">Go back</button></a></div></div></body></html>