<!DOCTYPE html><html><head><meta charset="utf-8"><meta name="viewport" content="width=device-width, initial-scale=1"><title>CT Scoreboard for jonkirch</title><link rel="stylesheet" href="https://maxcdn.bootstrapcdn.com/bootstrap/3.3.5/css/bootstrap.min.css"><style type="text/css">body { margin: 0 auto; width: 50%; padding-bottom: 30px; } td.hd { font-weight: bold; text-align: center; } td { padding: 5px; }</style></head><body><div class="container"><h2>Information</h2>
<div class="container" style="width: 100%;"><table border="1" cellspacing="1" cellpadding="5"><tr><td>Alias</td><td>jonkirch</td></tr><tr><td>Start</td><td>2015-10-31 04:11:42</td></tr><tr><td>End</td><td>2015-10-31 04:11:48</td></tr><tr><td>Comment ID</td><td>61a6f454320656225728fdd9262b7bf5ac29ad02</td></tr><tr><td>Scores</td><td><table border="1" cellspacing="1" cellpadding="5"><tr><td><b>Part</b></td><td><b>Passed / Total</b></td></tr><tr><td>Part 1</td><td>0 / 0</td></tr><tr><td>Part 2</td><td>0 / 0</td></tr><tr><td>Part 3</td><td>0 / 0</td></tr><tr><td>Part 4</td><td>0 / 0</td></tr></table></td></tr><tr><td>Exit codes</td><td><table border="1" cellspacing="1" cellpadding="5"><tr><td><b>Code</b></td><td><b>Explanation</b></td></tr><tr><td>250</td><td>One or more lexer error(s).</td></tr><tr><td>245</td><td>One or more parse error(s).</td></tr><tr><td>224</td><td>AST construction is wrong.</td></tr><tr><td>124</td><td>Your compiler might have an infinite loop.</td></tr><tr><td>1</td><td>JVM exited prematurely. It occurs when your compiler has infinite recursion, requires a Java version different from 1.7, etc.</td></tr></table></td></tr></table><div class="container" style="width: 45%;margin-top:30px;"><div class="alert alert-danger" role="alert"><b>Test suite failure!</b> Could not build your compiler.</div></div><h3>Error log</h3><pre>Buildfile: /tmp/tmptke9jo1z/jonkirch/build.xml

build-subprojects:

init:
    [mkdir] Created dir: /tmp/tmptke9jo1z/jonkirch/bin

build-project:
     [echo] CT-15-16: /tmp/tmptke9jo1z/jonkirch/build.xml
    [javac] Compiling 26 source files to /tmp/tmptke9jo1z/jonkirch/bin
    [javac] /tmp/tmptke9jo1z/jonkirch/src/ast/ASTPrinter.java:94: error: cannot find symbol
    [javac]     public Void visitFunCall(FunCall f) {
    [javac]                              ^
    [javac]   symbol:   class FunCall
    [javac]   location: class ASTPrinter
    [javac] /tmp/tmptke9jo1z/jonkirch/src/ast/ASTVisitor.java:13: error: cannot find symbol
    [javac]     public T visitFunCallExpr(FunCallExpr fce);
    [javac]                               ^
    [javac]   symbol:   class FunCallExpr
    [javac]   location: interface ASTVisitor<T>
    [javac]   where T is a type-variable:
    [javac]     T extends Object declared in interface ASTVisitor
    [javac] /tmp/tmptke9jo1z/jonkirch/src/ast/ASTVisitor.java:14: error: cannot find symbol
    [javac]     public T visitFunCallStmt(FunCallStmt fcs);
    [javac]                               ^
    [javac]   symbol:   class FunCallStmt
    [javac]   location: interface ASTVisitor<T>
    [javac]   where T is a type-variable:
    [javac]     T extends Object declared in interface ASTVisitor
    [javac] /tmp/tmptke9jo1z/jonkirch/src/Main.java:85: error: incompatible types
    [javac] 	    Program programAst = parser.parse();
    [javac] 	                                     ^
    [javac]   required: Program
    [javac]   found:    void
    [javac] /tmp/tmptke9jo1z/jonkirch/src/ast/ASTPrinter.java:7: error: ASTPrinter is not abstract and does not override abstract method visitFunCallStmt(FunCallStmt) in ASTVisitor
    [javac] public class ASTPrinter implements ASTVisitor<Void> {
    [javac]        ^
    [javac] /tmp/tmptke9jo1z/jonkirch/src/parser/Parser.java:335: error: cannot find symbol
    [javac]                 return new FunCallStmt(s, exprs);
    [javac]                            ^
    [javac]   symbol:   class FunCallStmt
    [javac]   location: class Parser
    [javac] /tmp/tmptke9jo1z/jonkirch/src/parser/Parser.java:346: error: cannot find symbol
    [javac]                     return new FunCallStmt(sl, exprs);
    [javac]                                ^
    [javac]   symbol:   class FunCallStmt
    [javac]   location: class Parser
    [javac] /tmp/tmptke9jo1z/jonkirch/src/parser/Parser.java:355: error: cannot find symbol
    [javac]                     return new FunCallStmt(s1, exprs1);
    [javac]                                ^
    [javac]   symbol:   class FunCallStmt
    [javac]   location: class Parser
    [javac] 8 errors

BUILD FAILED
/tmp/tmptke9jo1z/jonkirch/build.xml:49: Compile failed; see the compiler error output for details.

Total time: 0 seconds
</pre></fieldset></div><hr /><div class="container" style="width:75%;"><a href="scoreboard.html"><button type="button" class="btn btn-default">Go back</button></a></div></div></body></html>