<!DOCTYPE html><html><head><meta charset="utf-8"><meta name="viewport" content="width=device-width, initial-scale=1"><title>CT Scoreboard for maccery</title><link rel="stylesheet" href="https://maxcdn.bootstrapcdn.com/bootstrap/3.3.5/css/bootstrap.min.css"><style type="text/css">body { margin: 0 auto; width: 50%; padding-bottom: 30px; } td.hd { font-weight: bold; text-align: center; } td { padding: 5px; }</style></head><body><div class="container"><h2>Information</h2>
<div class="container" style="width: 100%;"><table border="1" cellspacing="1" cellpadding="5"><tr><td>Alias</td><td>maccery</td></tr><tr><td>Start</td><td>2015-11-27 20:02:40</td></tr><tr><td>End</td><td>2015-11-27 20:02:47</td></tr><tr><td>Comment ID</td><td>8521fc2946bf57c6c5fcf7841856646d2faf8444</td></tr><tr><td>Scores</td><td><table border="1" cellspacing="1" cellpadding="5"><tr><td><b>Part</b></td><td><b>Passed / Total</b></td></tr><tr><td>Part 1</td><td>0 / 0</td></tr><tr><td>Part 2</td><td>0 / 0</td></tr><tr><td>Part 3</td><td>0 / 0</td></tr><tr><td>Part 4</td><td>0 / 0</td></tr></table></td></tr><tr><td>Exit codes</td><td><table border="1" cellspacing="1" cellpadding="5"><tr><td><b>Code</b></td><td><b>Explanation</b></td></tr><tr><td>250</td><td>One or more lexer error(s).</td></tr><tr><td>245</td><td>One or more parse error(s).</td></tr><tr><td>240</td><td>One or more semantic error(s).</td></tr><tr><td>230</td><td>Compiled program produced wrong output.</td></tr><tr><td>224</td><td>AST construction is wrong.</td></tr><tr><td>204</td><td>Compiled program not found.</td></tr><tr><td>124</td><td>Your compiler or produced program might have an infinite loop.</td></tr><tr><td>1</td><td>JVM exited prematurely. It occurs when your compiler has infinite recursion, requires a Java version different from 1.7, etc.</td></tr></table></td></tr></table><div class="container" style="width: 45%;margin-top:30px;"><div class="alert alert-danger" role="alert"><b>Test suite failure!</b> Could not build your compiler.</div></div><h3>Error log</h3><pre>Buildfile: /tmp/tmpm7irec4d/maccery/build.xml

build-subprojects:

init:
    [mkdir] Created dir: /tmp/tmpm7irec4d/maccery/bin

build-project:
     [echo] ct-15-16: /tmp/tmpm7irec4d/maccery/build.xml
    [javac] Compiling 39 source files to /tmp/tmpm7irec4d/maccery/bin
    [javac] /tmp/tmpm7irec4d/maccery/src/gen/CodeGenerator.java:5: error: package jdk.internal.org.objectweb.asm does not exist
    [javac] import jdk.internal.org.objectweb.asm.ClassWriter;
    [javac]                                      ^
    [javac] /tmp/tmpm7irec4d/maccery/src/gen/CodeGenerator.java:6: error: package jdk.internal.org.objectweb.asm does not exist
    [javac] import jdk.internal.org.objectweb.asm.*;
    [javac] ^
    [javac] /tmp/tmpm7irec4d/maccery/src/gen/CodeGenerator.java:7: error: package jdk.internal.org.objectweb.asm.commons does not exist
    [javac] import jdk.internal.org.objectweb.asm.commons.Method;
    [javac]                                              ^
    [javac] /tmp/tmpm7irec4d/maccery/src/gen/CodeGenerator.java:13: error: cannot find symbol
    [javac] public class CodeGenerator implements Opcodes {
    [javac]                                       ^
    [javac]   symbol: class Opcodes
    [javac] /tmp/tmpm7irec4d/maccery/src/gen/CodeGenerator.java:16: error: cannot find symbol
    [javac]         ClassWriter cw = new ClassWriter(0);
    [javac]         ^
    [javac]   symbol:   class ClassWriter
    [javac]   location: class CodeGenerator
    [javac] /tmp/tmpm7irec4d/maccery/src/gen/CodeGenerator.java:16: error: cannot find symbol
    [javac]         ClassWriter cw = new ClassWriter(0);
    [javac]                              ^
    [javac]   symbol:   class ClassWriter
    [javac]   location: class CodeGenerator
    [javac] /tmp/tmpm7irec4d/maccery/src/gen/CodeGenerator.java:17: error: cannot find symbol
    [javac]         FieldVisitor fv;
    [javac]         ^
    [javac]   symbol:   class FieldVisitor
    [javac]   location: class CodeGenerator
    [javac] /tmp/tmpm7irec4d/maccery/src/gen/CodeGenerator.java:18: error: cannot find symbol
    [javac]         AnnotationVisitor av0;
    [javac]         ^
    [javac]   symbol:   class AnnotationVisitor
    [javac]   location: class CodeGenerator
    [javac] /tmp/tmpm7irec4d/maccery/src/gen/CodeGenerator.java:19: error: cannot find symbol
    [javac]         MethodVisitor mv;
    [javac]         ^
    [javac]   symbol:   class MethodVisitor
    [javac]   location: class CodeGenerator
    [javac] /tmp/tmpm7irec4d/maccery/src/gen/CodeGenerator.java:21: error: cannot find symbol
    [javac]         cw.visit(V1_8, ACC_PUBLIC + ACC_SUPER,
    [javac]                  ^
    [javac]   symbol:   variable V1_8
    [javac]   location: class CodeGenerator
    [javac] /tmp/tmpm7irec4d/maccery/src/gen/CodeGenerator.java:21: error: cannot find symbol
    [javac]         cw.visit(V1_8, ACC_PUBLIC + ACC_SUPER,
    [javac]                        ^
    [javac]   symbol:   variable ACC_PUBLIC
    [javac]   location: class CodeGenerator
    [javac] /tmp/tmpm7irec4d/maccery/src/gen/CodeGenerator.java:21: error: cannot find symbol
    [javac]         cw.visit(V1_8, ACC_PUBLIC + ACC_SUPER,
    [javac]                                     ^
    [javac]   symbol:   variable ACC_SUPER
    [javac]   location: class CodeGenerator
    [javac] /tmp/tmpm7irec4d/maccery/src/gen/CodeGenerator.java:31: error: cannot find symbol
    [javac]             fv = cw.visitField(ACC_STATIC, vd.var.name, type,
    [javac]                                ^
    [javac]   symbol:   variable ACC_STATIC
    [javac]   location: class CodeGenerator
    [javac] /tmp/tmpm7irec4d/maccery/src/gen/CodeGenerator.java:41: error: cannot find symbol
    [javac]             mv = cw.visitMethod(ACC_PUBLIC + ACC_STATIC, p.string, type, null, null);
    [javac]                                 ^
    [javac]   symbol:   variable ACC_PUBLIC
    [javac]   location: class CodeGenerator
    [javac] /tmp/tmpm7irec4d/maccery/src/gen/CodeGenerator.java:41: error: cannot find symbol
    [javac]             mv = cw.visitMethod(ACC_PUBLIC + ACC_STATIC, p.string, type, null, null);
    [javac]                                              ^
    [javac]   symbol:   variable ACC_STATIC
    [javac]   location: class CodeGenerator
    [javac] /tmp/tmpm7irec4d/maccery/src/gen/CodeGenerator.java:43: error: cannot find symbol
    [javac]             mv.visitInsn(RETURN);
    [javac]                          ^
    [javac]   symbol:   variable RETURN
    [javac]   location: class CodeGenerator
    [javac] /tmp/tmpm7irec4d/maccery/src/gen/CodeGenerator.java:50: error: cannot find symbol
    [javac]         mv = cw.visitMethod(ACC_PUBLIC + ACC_STATIC,
    [javac]                             ^
    [javac]   symbol:   variable ACC_PUBLIC
    [javac]   location: class CodeGenerator
    [javac] /tmp/tmpm7irec4d/maccery/src/gen/CodeGenerator.java:50: error: cannot find symbol
    [javac]         mv = cw.visitMethod(ACC_PUBLIC + ACC_STATIC,
    [javac]                                          ^
    [javac]   symbol:   variable ACC_STATIC
    [javac]   location: class CodeGenerator
    [javac] /tmp/tmpm7irec4d/maccery/src/gen/CodeGenerator.java:56: error: cannot find symbol
    [javac]         mv.visitInsn(RETURN);
    [javac]                      ^
    [javac]   symbol:   variable RETURN
    [javac]   location: class CodeGenerator
    [javac] Note: /tmp/tmpm7irec4d/maccery/src/sem/SemanticAnalyzer.java uses unchecked or unsafe operations.
    [javac] Note: Recompile with -Xlint:unchecked for details.
    [javac] 19 errors

BUILD FAILED
/tmp/tmpm7irec4d/maccery/build.xml:53: Compile failed; see the compiler error output for details.

Total time: 1 second
</pre></fieldset></div><hr /><div class="container" style="width:75%;"><a href="scoreboard.html"><button type="button" class="btn btn-default">Go back</button></a></div></div></body></html>