<!DOCTYPE html><html><head><meta charset="utf-8"><meta name="viewport" content="width=device-width, initial-scale=1"><title>CT Scoreboard for munsun</title><link rel="stylesheet" href="https://maxcdn.bootstrapcdn.com/bootstrap/3.3.5/css/bootstrap.min.css"><style type="text/css">body { margin: 0 auto; width: 50%; padding-bottom: 30px; } td.hd { font-weight: bold; text-align: center; } td { padding: 5px; }</style></head><body><div class="container"><h2>Information</h2>
<div class="container" style="width: 100%;"><table border="1" cellspacing="1" cellpadding="5"><tr><td>Alias</td><td>munsun</td></tr><tr><td>Start</td><td>2015-11-15 04:10:47</td></tr><tr><td>End</td><td>2015-11-15 04:10:53</td></tr><tr><td>Comment ID</td><td>3ade32e47e3bf87f9a9ae2b5fad6e98d25c186f6</td></tr><tr><td>Scores</td><td><table border="1" cellspacing="1" cellpadding="5"><tr><td><b>Part</b></td><td><b>Passed / Total</b></td></tr><tr><td>Part 1</td><td>0 / 0</td></tr><tr><td>Part 2</td><td>0 / 0</td></tr><tr><td>Part 3</td><td>0 / 0</td></tr><tr><td>Part 4</td><td>0 / 0</td></tr></table></td></tr><tr><td>Exit codes</td><td><table border="1" cellspacing="1" cellpadding="5"><tr><td><b>Code</b></td><td><b>Explanation</b></td></tr><tr><td>250</td><td>One or more lexer error(s).</td></tr><tr><td>245</td><td>One or more parse error(s).</td></tr><tr><td>240</td><td>One or more semantic error(s).</td></tr><tr><td>224</td><td>AST construction is wrong.</td></tr><tr><td>124</td><td>Your compiler might have an infinite loop.</td></tr><tr><td>1</td><td>JVM exited prematurely. It occurs when your compiler has infinite recursion, requires a Java version different from 1.7, etc.</td></tr></table></td></tr></table><div class="container" style="width: 45%;margin-top:30px;"><div class="alert alert-danger" role="alert"><b>Test suite failure!</b> Could not build your compiler.</div></div><h3>Error log</h3><pre>Buildfile: /tmp/tmp8ef635dz/munsun/build.xml

build-subprojects:

init:
    [mkdir] Created dir: /tmp/tmp8ef635dz/munsun/bin

build-project:
     [echo] CT-15-16: /tmp/tmp8ef635dz/munsun/build.xml
    [javac] Compiling 39 source files to /tmp/tmp8ef635dz/munsun/bin
    [javac] /tmp/tmp8ef635dz/munsun/src/gen/CodeGenerator.java:4: error: package org.objectweb.asm does not exist
    [javac] import org.objectweb.asm.*;
    [javac] ^
    [javac] /tmp/tmp8ef635dz/munsun/src/gen/CodeGeneratorVisitor.java:3: warning: OpCodes is internal proprietary API and may be removed in a future release
    [javac] import com.sun.org.apache.xpath.internal.compiler.OpCodes;
    [javac]                                                  ^
    [javac] /tmp/tmp8ef635dz/munsun/src/gen/CodeGeneratorVisitor.java:4: error: package org.objectweb.asm does not exist
    [javac] import org.objectweb.asm.*;
    [javac] ^
    [javac] /tmp/tmp8ef635dz/munsun/src/gen/CodeGeneratorVisitor.java:17: error: cannot find symbol
    [javac] 	public ClassWriter classWriter;
    [javac] 	       ^
    [javac]   symbol:   class ClassWriter
    [javac]   location: class CodeGeneratorVisitor
    [javac] /tmp/tmp8ef635dz/munsun/src/gen/CodeGeneratorVisitor.java:19: error: cannot find symbol
    [javac] 	public CodeGeneratorVisitor(ClassWriter writer)
    [javac] 	                            ^
    [javac]   symbol:   class ClassWriter
    [javac]   location: class CodeGeneratorVisitor
    [javac] /tmp/tmp8ef635dz/munsun/src/gen/CodeGenerator.java:15: error: cannot find symbol
    [javac]         CodeGeneratorVisitor codeGeneratorVisitor = new CodeGeneratorVisitor(new ClassWriter(0));
    [javac]                                                                                  ^
    [javac]   symbol:   class ClassWriter
    [javac]   location: class CodeGenerator
    [javac] /tmp/tmp8ef635dz/munsun/src/gen/CodeGeneratorVisitor.java:33: error: cannot find symbol
    [javac] 		classWriter.visitMethod(Opcodes.ACC_PUBLIC + Opcodes.ACC_STATIC, "main",
    [javac] 		                        ^
    [javac]   symbol:   variable Opcodes
    [javac]   location: class CodeGeneratorVisitor
    [javac] /tmp/tmp8ef635dz/munsun/src/gen/CodeGeneratorVisitor.java:33: error: cannot find symbol
    [javac] 		classWriter.visitMethod(Opcodes.ACC_PUBLIC + Opcodes.ACC_STATIC, "main",
    [javac] 		                                             ^
    [javac]   symbol:   variable Opcodes
    [javac]   location: class CodeGeneratorVisitor
    [javac] /tmp/tmp8ef635dz/munsun/src/gen/CodeGeneratorVisitor.java:36: error: cannot find symbol
    [javac] 		classWriter.visitField(Opcodes.ACC_PUBLIC + Opcodes.ACC_FINAL + Opcodes.ACC_STATIC, "EQUAL", "I",
    [javac] 		                       ^
    [javac]   symbol:   variable Opcodes
    [javac]   location: class CodeGeneratorVisitor
    [javac] /tmp/tmp8ef635dz/munsun/src/gen/CodeGeneratorVisitor.java:36: error: cannot find symbol
    [javac] 		classWriter.visitField(Opcodes.ACC_PUBLIC + Opcodes.ACC_FINAL + Opcodes.ACC_STATIC, "EQUAL", "I",
    [javac] 		                                            ^
    [javac]   symbol:   variable Opcodes
    [javac]   location: class CodeGeneratorVisitor
    [javac] /tmp/tmp8ef635dz/munsun/src/gen/CodeGeneratorVisitor.java:36: error: cannot find symbol
    [javac] 		classWriter.visitField(Opcodes.ACC_PUBLIC + Opcodes.ACC_FINAL + Opcodes.ACC_STATIC, "EQUAL", "I",
    [javac] 		                                                                ^
    [javac]   symbol:   variable Opcodes
    [javac]   location: class CodeGeneratorVisitor
    [javac] /tmp/tmp8ef635dz/munsun/src/gen/CodeGeneratorVisitor.java:38: error: cannot find symbol
    [javac] 		classWriter.visitField(Opcodes.ACC_PUBLIC + Opcodes.ACC_FINAL + Opcodes.ACC_STATIC, "GREATER", "I",
    [javac] 		                       ^
    [javac]   symbol:   variable Opcodes
    [javac]   location: class CodeGeneratorVisitor
    [javac] /tmp/tmp8ef635dz/munsun/src/gen/CodeGeneratorVisitor.java:38: error: cannot find symbol
    [javac] 		classWriter.visitField(Opcodes.ACC_PUBLIC + Opcodes.ACC_FINAL + Opcodes.ACC_STATIC, "GREATER", "I",
    [javac] 		                                            ^
    [javac]   symbol:   variable Opcodes
    [javac]   location: class CodeGeneratorVisitor
    [javac] /tmp/tmp8ef635dz/munsun/src/gen/CodeGeneratorVisitor.java:38: error: cannot find symbol
    [javac] 		classWriter.visitField(Opcodes.ACC_PUBLIC + Opcodes.ACC_FINAL + Opcodes.ACC_STATIC, "GREATER", "I",
    [javac] 		                                                                ^
    [javac]   symbol:   variable Opcodes
    [javac]   location: class CodeGeneratorVisitor
    [javac] /tmp/tmp8ef635dz/munsun/src/gen/CodeGeneratorVisitor.java:48: error: cannot find symbol
    [javac] 		classWriter.visit(Opcodes.V1_7, Opcodes.ACC_PUBLIC, "Main", null, "java/lang/Object", null);
    [javac] 		                  ^
    [javac]   symbol:   variable Opcodes
    [javac]   location: class CodeGeneratorVisitor
    [javac] /tmp/tmp8ef635dz/munsun/src/gen/CodeGeneratorVisitor.java:48: error: cannot find symbol
    [javac] 		classWriter.visit(Opcodes.V1_7, Opcodes.ACC_PUBLIC, "Main", null, "java/lang/Object", null);
    [javac] 		                                ^
    [javac]   symbol:   variable Opcodes
    [javac]   location: class CodeGeneratorVisitor
    [javac] Note: /tmp/tmp8ef635dz/munsun/src/sem/SemanticAnalyzer.java uses unchecked or unsafe operations.
    [javac] Note: Recompile with -Xlint:unchecked for details.
    [javac] 15 errors
    [javac] 1 warning

BUILD FAILED
/tmp/tmp8ef635dz/munsun/build.xml:49: Compile failed; see the compiler error output for details.

Total time: 1 second
</pre></fieldset></div><hr /><div class="container" style="width:75%;"><a href="scoreboard.html"><button type="button" class="btn btn-default">Go back</button></a></div></div></body></html>