<!DOCTYPE html><html><head><meta charset="utf-8"><meta name="viewport" content="width=device-width, initial-scale=1"><title>CT Scoreboard for xsrust</title><link rel="stylesheet" href="https://maxcdn.bootstrapcdn.com/bootstrap/3.3.5/css/bootstrap.min.css"><style type="text/css">body { margin: 0 auto; width: 50%; padding-bottom: 30px; } td.hd { font-weight: bold; text-align: center; } td { padding: 5px; }</style></head><body><div class="container"><h2>Information</h2>
<div class="container" style="width: 100%;"><table border="1" cellspacing="1" cellpadding="5"><tr><td>Alias</td><td>xsrust</td></tr><tr><td>Start</td><td>2015-10-27 16:09:57</td></tr><tr><td>End</td><td>2015-10-27 16:10:14</td></tr><tr><td>Comment ID</td><td>fc40c3f44ef6461e036b81d438e1635fff72b52e</td></tr><tr><td>Scores</td><td><table border="1" cellspacing="1" cellpadding="5"><tr><td><b>Part</b></td><td><b>Passed / Total</b></td></tr><tr><td>Part 1</td><td>0 / 0</td></tr><tr><td>Part 2</td><td>0 / 0</td></tr><tr><td>Part 3</td><td>0 / 0</td></tr><tr><td>Part 4</td><td>0 / 0</td></tr></table></td></tr><tr><td>Exit codes</td><td><table border="1" cellspacing="1" cellpadding="5"><tr><td><b>Code</b></td><td><b>Explanation</b></td></tr><tr><td>250</td><td>One or more lexer error(s).</td></tr><tr><td>245</td><td>One or more parse error(s).</td></tr><tr><td>224</td><td>AST construction is wrong.</td></tr><tr><td>124</td><td>Your compiler might have an infinite loop.</td></tr><tr><td>1</td><td>JVM exited prematurely. It occurs when your compiler has infinite recursion, requires a Java version different from 1.7, etc.</td></tr></table></td></tr></table><div class="container" style="width: 45%;margin-top:30px;"><div class="alert alert-danger" role="alert"><b>Test suite failure!</b> Could not build your compiler.</div></div><h3>Error log</h3><pre>Buildfile: /tmp/tmps6aky9td/xsrust/build.xml

build-subprojects:

init:
    [mkdir] Created dir: /tmp/tmps6aky9td/xsrust/bin

build-project:
     [echo] CT-15-16: /tmp/tmps6aky9td/xsrust/build.xml
    [javac] Compiling 17 source files to /tmp/tmps6aky9td/xsrust/bin
    [javac] /tmp/tmps6aky9td/xsrust/src/parser/Parser.java:134: error: cannot find symbol
    [javac]         return new Program(varDecls, procs, main);
    [javac]                            ^
    [javac]   symbol:   variable varDecls
    [javac]   location: class Parser
    [javac] /tmp/tmps6aky9td/xsrust/src/parser/Parser.java:134: error: cannot find symbol
    [javac]         return new Program(varDecls, procs, main);
    [javac]                                      ^
    [javac]   symbol:   variable procs
    [javac]   location: class Parser
    [javac] /tmp/tmps6aky9td/xsrust/src/parser/Parser.java:134: error: cannot find symbol
    [javac]         return new Program(varDecls, procs, main);
    [javac]                                             ^
    [javac]   symbol:   variable main
    [javac]   location: class Parser
    [javac] 3 errors

BUILD FAILED
/tmp/tmps6aky9td/xsrust/build.xml:48: Compile failed; see the compiler error output for details.

Total time: 0 seconds
</pre></fieldset></div><hr /><div class="container" style="width:75%;"><a href="scoreboard.html"><button type="button" class="btn btn-default">Go back</button></a></div></div></body></html>